<?xml version="1.0" encoding="UTF-8"?>
<testExecutions version="1">
  <file path="/Users/williamkasel/Dev/reco-machine/recovery-machine-web/tests/auth/simple-validation.test.ts">
    <testCase name="Basic Authentication Validation Password Strength Validation accepts strong password" duration="1"/>
    <testCase name="Basic Authentication Validation Password Strength Validation rejects weak password - too short" duration="1"/>
    <testCase name="Basic Authentication Validation Password Strength Validation rejects password without lowercase" duration="0"/>
    <testCase name="Basic Authentication Validation Password Strength Validation rejects password without uppercase" duration="0"/>
    <testCase name="Basic Authentication Validation Password Strength Validation rejects password without number" duration="0"/>
    <testCase name="Basic Authentication Validation Password Strength Validation rejects password without special character" duration="0"/>
    <testCase name="Basic Authentication Validation Email Validation accepts valid email" duration="1"/>
    <testCase name="Basic Authentication Validation Email Validation rejects invalid email format" duration="0"/>
    <testCase name="Basic Authentication Validation Email Validation rejects empty email" duration="0"/>
    <testCase name="Basic Authentication Validation Form Validation Combinations validates complete sign-up form" duration="0"/>
    <testCase name="Basic Authentication Validation Form Validation Combinations rejects mismatched passwords" duration="1"/>
    <testCase name="Basic Authentication Validation Form Validation Combinations requires terms agreement" duration="0"/>
    <testCase name="Basic Authentication Validation Password Strength Calculator calculates very weak strength" duration="0"/>
    <testCase name="Basic Authentication Validation Password Strength Calculator calculates very strong strength" duration="0"/>
    <testCase name="Basic Authentication Validation Password Strength Calculator calculates medium strength" duration="1"/>
  </file>
</testExecutions>